2026-01-10 22:28:41.778 [main] INFO  c.e.d.DiscoveryServiceApplication - Starting DiscoveryServiceApplication using Java 21.0.1 with PID 530683 (/home/shrikar/Bank/elevens-bank/discovery-service/target/classes started by shrikar in /home/shrikar/Bank/elevens-bank)
2026-01-10 22:28:41.810 [main] DEBUG c.e.d.DiscoveryServiceApplication - Running with Spring Boot v3.3.4, Spring v6.1.13
2026-01-10 22:28:41.830 [main] INFO  c.e.d.DiscoveryServiceApplication - No active profile set, falling back to 1 default profile: "default"
2026-01-10 22:28:50.210 [main] WARN  o.s.c.s.PostProcessorRegistrationDelegate$BeanPostProcessorChecker - Bean 'org.springframework.cloud.client.loadbalancer.LoadBalancerAutoConfiguration$DeferringLoadBalancerInterceptorConfig' of type [org.springframework.cloud.client.loadbalancer.LoadBalancerAutoConfiguration$DeferringLoadBalancerInterceptorConfig] is not eligible for getting processed by all BeanPostProcessors (for example: not eligible for auto-proxying). The currently created BeanPostProcessor [lbRestClientPostProcessor] is declared through a non-static factory method on that class; consider declaring it as static instead.
2026-01-10 22:28:50.224 [main] WARN  o.s.c.s.PostProcessorRegistrationDelegate$BeanPostProcessorChecker - Bean 'deferringLoadBalancerInterceptor' of type [org.springframework.cloud.client.loadbalancer.DeferringLoadBalancerInterceptor] is not eligible for getting processed by all BeanPostProcessors (for example: not eligible for auto-proxying). Is this bean getting eagerly injected into a currently created BeanPostProcessor [lbRestClientPostProcessor]? Check the corresponding BeanPostProcessor declaration and its dependencies.
2026-01-10 22:28:51.086 [main] INFO  o.a.coyote.http11.Http11NioProtocol - Initializing ProtocolHandler ["http-nio-8761"]
2026-01-10 22:28:51.098 [main] INFO  o.a.catalina.core.StandardService - Starting service [Tomcat]
2026-01-10 22:28:51.099 [main] INFO  o.a.catalina.core.StandardEngine - Starting Servlet engine: [Apache Tomcat/10.1.30]
2026-01-10 22:28:51.346 [main] INFO  o.a.c.c.C.[Tomcat].[localhost].[/] - Initializing Spring embedded WebApplicationContext
2026-01-10 22:28:54.912 [main] INFO  c.n.d.p.DiscoveryJerseyProvider - Using JSON encoding codec LegacyJacksonJson
2026-01-10 22:28:54.918 [main] INFO  c.n.d.p.DiscoveryJerseyProvider - Using JSON decoding codec LegacyJacksonJson
2026-01-10 22:28:55.703 [main] INFO  c.n.d.p.DiscoveryJerseyProvider - Using XML encoding codec XStreamXml
2026-01-10 22:28:55.703 [main] INFO  c.n.d.p.DiscoveryJerseyProvider - Using XML decoding codec XStreamXml
2026-01-10 22:28:59.324 [main] WARN  o.s.c.l.c.LoadBalancerCacheAutoConfiguration$LoadBalancerCaffeineWarnLogger - Spring Cloud LoadBalancer is currently working with the default cache. While this cache implementation is useful for development and tests, it's recommended to use Caffeine cache in production.You can switch to using Caffeine cache, by adding it and org.springframework.cache.caffeine.CaffeineCacheManager to the classpath.
2026-01-10 22:28:59.482 [main] INFO  c.netflix.discovery.DiscoveryClient - Initializing Eureka in region us-east-1
2026-01-10 22:28:59.483 [main] INFO  c.netflix.discovery.DiscoveryClient - Client configured to neither register nor query for data.
2026-01-10 22:28:59.491 [main] INFO  c.netflix.discovery.DiscoveryClient - Discovery Client initialized at timestamp 1768064339488 with initial instances count: 0
2026-01-10 22:28:59.688 [main] INFO  c.n.e.DefaultEurekaServerContext - Initializing ...
2026-01-10 22:28:59.695 [main] WARN  c.n.eureka.cluster.PeerEurekaNodes - The replica size seems to be empty. Check the route 53 DNS Registry
2026-01-10 22:28:59.733 [main] INFO  c.n.e.r.AbstractInstanceRegistry - Finished initializing remote region registries. All known remote regions: []
2026-01-10 22:28:59.735 [main] INFO  c.n.e.DefaultEurekaServerContext - Initialized
2026-01-10 22:28:59.996 [main] INFO  o.a.coyote.http11.Http11NioProtocol - Starting ProtocolHandler ["http-nio-8761"]
2026-01-10 22:29:00.034 [Thread-9] INFO  c.n.e.r.PeerAwareInstanceRegistryImpl - Got 1 instances from neighboring DS node
2026-01-10 22:29:00.035 [Thread-9] INFO  c.n.e.r.PeerAwareInstanceRegistryImpl - Renew threshold is: 1
2026-01-10 22:29:00.036 [Thread-9] INFO  c.n.e.r.PeerAwareInstanceRegistryImpl - Changing status to UP
2026-01-10 22:29:00.134 [main] INFO  c.e.d.DiscoveryServiceApplication - Started DiscoveryServiceApplication in 24.432 seconds (process running for 27.316)
2026-01-10 22:29:05.670 [http-nio-8761-exec-1] INFO  o.a.c.c.C.[Tomcat].[localhost].[/] - Initializing Spring DispatcherServlet 'dispatcherServlet'
2026-01-10 22:29:06.781 [http-nio-8761-exec-2] INFO  c.n.e.r.AbstractInstanceRegistry - Registered instance AUTH-SERVICE/172.20.10.3:auth-service:7001 with status UP (replication=false)
2026-01-10 22:29:06.790 [http-nio-8761-exec-4] INFO  c.n.e.r.AbstractInstanceRegistry - Registered instance ACCOUNT-SERVICE/172.20.10.3:account-service:3001 with status UP (replication=false)
2026-01-10 22:29:29.983 [http-nio-8761-exec-8] INFO  c.n.e.r.AbstractInstanceRegistry - Registered instance ACCOUNT-SERVICE/172.20.10.3:account-service:3001 with status DOWN (replication=false)
2026-01-10 22:29:29.985 [http-nio-8761-exec-7] INFO  c.n.e.r.AbstractInstanceRegistry - Registered instance AUTH-SERVICE/172.20.10.3:auth-service:7001 with status DOWN (replication=false)
2026-01-10 22:29:29.995 [SpringApplicationShutdownHook] INFO  c.n.e.DefaultEurekaServerContext - Shutting down ...
2026-01-10 22:29:29.997 [SpringApplicationShutdownHook] INFO  c.n.e.DefaultEurekaServerContext - Shut down
2026-01-10 22:29:30.000 [SpringApplicationShutdownHook] INFO  c.n.e.DefaultEurekaServerContext - Shutting down ...
2026-01-10 22:29:30.001 [SpringApplicationShutdownHook] INFO  c.n.e.DefaultEurekaServerContext - Shut down
2026-01-10 22:29:30.025 [SpringApplicationShutdownHook] INFO  c.netflix.discovery.DiscoveryClient - Shutting down DiscoveryClient ...
2026-01-10 22:29:30.026 [SpringApplicationShutdownHook] INFO  c.netflix.discovery.DiscoveryClient - Completed shut down of DiscoveryClient
