{"@timestamp":"2026-01-14T15:18:35.571777699+05:30","@version":"1","message":"Starting DiscoveryServiceApplication using Java 21.0.1 with PID 92382 (/home/shrikar/Bank/elevens-bank/discovery-service/target/classes started by shrikar in /home/shrikar/Bank/elevens-bank)","logger_name":"com.elevens.discovery.DiscoveryServiceApplication","thread_name":"main","level":"INFO","level_value":20000}
{"@timestamp":"2026-01-14T15:18:35.64944193+05:30","@version":"1","message":"Running with Spring Boot v3.3.4, Spring v6.1.13","logger_name":"com.elevens.discovery.DiscoveryServiceApplication","thread_name":"main","level":"DEBUG","level_value":10000}
{"@timestamp":"2026-01-14T15:18:35.653282493+05:30","@version":"1","message":"No active profile set, falling back to 1 default profile: \"default\"","logger_name":"com.elevens.discovery.DiscoveryServiceApplication","thread_name":"main","level":"INFO","level_value":20000}
{"@timestamp":"2026-01-14T15:18:41.995760991+05:30","@version":"1","message":"Bean 'org.springframework.cloud.client.loadbalancer.LoadBalancerAutoConfiguration$DeferringLoadBalancerInterceptorConfig' of type [org.springframework.cloud.client.loadbalancer.LoadBalancerAutoConfiguration$DeferringLoadBalancerInterceptorConfig] is not eligible for getting processed by all BeanPostProcessors (for example: not eligible for auto-proxying). The currently created BeanPostProcessor [lbRestClientPostProcessor] is declared through a non-static factory method on that class; consider declaring it as static instead.","logger_name":"org.springframework.context.support.PostProcessorRegistrationDelegate$BeanPostProcessorChecker","thread_name":"main","level":"WARN","level_value":30000}
{"@timestamp":"2026-01-14T15:18:42.0037258+05:30","@version":"1","message":"Bean 'deferringLoadBalancerInterceptor' of type [org.springframework.cloud.client.loadbalancer.DeferringLoadBalancerInterceptor] is not eligible for getting processed by all BeanPostProcessors (for example: not eligible for auto-proxying). Is this bean getting eagerly injected into a currently created BeanPostProcessor [lbRestClientPostProcessor]? Check the corresponding BeanPostProcessor declaration and its dependencies.","logger_name":"org.springframework.context.support.PostProcessorRegistrationDelegate$BeanPostProcessorChecker","thread_name":"main","level":"WARN","level_value":30000}
{"@timestamp":"2026-01-14T15:18:42.987492524+05:30","@version":"1","message":"Initializing ProtocolHandler [\"http-nio-8761\"]","logger_name":"org.apache.coyote.http11.Http11NioProtocol","thread_name":"main","level":"INFO","level_value":20000}
{"@timestamp":"2026-01-14T15:18:43.000382937+05:30","@version":"1","message":"Starting service [Tomcat]","logger_name":"org.apache.catalina.core.StandardService","thread_name":"main","level":"INFO","level_value":20000}
{"@timestamp":"2026-01-14T15:18:43.001440331+05:30","@version":"1","message":"Starting Servlet engine: [Apache Tomcat/10.1.30]","logger_name":"org.apache.catalina.core.StandardEngine","thread_name":"main","level":"INFO","level_value":20000}
{"@timestamp":"2026-01-14T15:18:43.216375489+05:30","@version":"1","message":"Initializing Spring embedded WebApplicationContext","logger_name":"org.apache.catalina.core.ContainerBase.[Tomcat].[localhost].[/]","thread_name":"main","level":"INFO","level_value":20000}
{"@timestamp":"2026-01-14T15:18:48.32251022+05:30","@version":"1","message":"Using JSON encoding codec LegacyJacksonJson","logger_name":"com.netflix.discovery.provider.DiscoveryJerseyProvider","thread_name":"main","level":"INFO","level_value":20000}
{"@timestamp":"2026-01-14T15:18:48.334203203+05:30","@version":"1","message":"Using JSON decoding codec LegacyJacksonJson","logger_name":"com.netflix.discovery.provider.DiscoveryJerseyProvider","thread_name":"main","level":"INFO","level_value":20000}
{"@timestamp":"2026-01-14T15:18:50.479090158+05:30","@version":"1","message":"Using XML encoding codec XStreamXml","logger_name":"com.netflix.discovery.provider.DiscoveryJerseyProvider","thread_name":"main","level":"INFO","level_value":20000}
{"@timestamp":"2026-01-14T15:18:50.480120381+05:30","@version":"1","message":"Using XML decoding codec XStreamXml","logger_name":"com.netflix.discovery.provider.DiscoveryJerseyProvider","thread_name":"main","level":"INFO","level_value":20000}
{"@timestamp":"2026-01-14T15:18:55.188051482+05:30","@version":"1","message":"Spring Cloud LoadBalancer is currently working with the default cache. While this cache implementation is useful for development and tests, it's recommended to use Caffeine cache in production.You can switch to using Caffeine cache, by adding it and org.springframework.cache.caffeine.CaffeineCacheManager to the classpath.","logger_name":"org.springframework.cloud.loadbalancer.config.LoadBalancerCacheAutoConfiguration$LoadBalancerCaffeineWarnLogger","thread_name":"main","level":"WARN","level_value":30000}
{"@timestamp":"2026-01-14T15:18:55.333354927+05:30","@version":"1","message":"Initializing Eureka in region us-east-1","logger_name":"com.netflix.discovery.DiscoveryClient","thread_name":"main","level":"INFO","level_value":20000}
{"@timestamp":"2026-01-14T15:18:55.333985984+05:30","@version":"1","message":"Client configured to neither register nor query for data.","logger_name":"com.netflix.discovery.DiscoveryClient","thread_name":"main","level":"INFO","level_value":20000}
{"@timestamp":"2026-01-14T15:18:55.340970433+05:30","@version":"1","message":"Discovery Client initialized at timestamp 1768384135337 with initial instances count: 0","logger_name":"com.netflix.discovery.DiscoveryClient","thread_name":"main","level":"INFO","level_value":20000}
{"@timestamp":"2026-01-14T15:18:55.505034738+05:30","@version":"1","message":"Initializing ...","logger_name":"com.netflix.eureka.DefaultEurekaServerContext","thread_name":"main","level":"INFO","level_value":20000}
{"@timestamp":"2026-01-14T15:18:55.511469957+05:30","@version":"1","message":"The replica size seems to be empty. Check the route 53 DNS Registry","logger_name":"com.netflix.eureka.cluster.PeerEurekaNodes","thread_name":"main","level":"WARN","level_value":30000}
{"@timestamp":"2026-01-14T15:18:55.543867269+05:30","@version":"1","message":"Finished initializing remote region registries. All known remote regions: []","logger_name":"com.netflix.eureka.registry.AbstractInstanceRegistry","thread_name":"main","level":"INFO","level_value":20000}
{"@timestamp":"2026-01-14T15:18:55.544819154+05:30","@version":"1","message":"Initialized","logger_name":"com.netflix.eureka.DefaultEurekaServerContext","thread_name":"main","level":"INFO","level_value":20000}
{"@timestamp":"2026-01-14T15:18:55.924469099+05:30","@version":"1","message":"Starting ProtocolHandler [\"http-nio-8761\"]","logger_name":"org.apache.coyote.http11.Http11NioProtocol","thread_name":"main","level":"INFO","level_value":20000}
{"@timestamp":"2026-01-14T15:18:55.960328089+05:30","@version":"1","message":"Got 1 instances from neighboring DS node","logger_name":"com.netflix.eureka.registry.PeerAwareInstanceRegistryImpl","thread_name":"Thread-9","level":"INFO","level_value":20000}
{"@timestamp":"2026-01-14T15:18:55.961578752+05:30","@version":"1","message":"Renew threshold is: 1","logger_name":"com.netflix.eureka.registry.PeerAwareInstanceRegistryImpl","thread_name":"Thread-9","level":"INFO","level_value":20000}
{"@timestamp":"2026-01-14T15:18:55.962556295+05:30","@version":"1","message":"Changing status to UP","logger_name":"com.netflix.eureka.registry.PeerAwareInstanceRegistryImpl","thread_name":"Thread-9","level":"INFO","level_value":20000}
{"@timestamp":"2026-01-14T15:18:56.072030853+05:30","@version":"1","message":"Started DiscoveryServiceApplication in 25.567 seconds (process running for 27.787)","logger_name":"com.elevens.discovery.DiscoveryServiceApplication","thread_name":"main","level":"INFO","level_value":20000}
{"@timestamp":"2026-01-14T15:19:55.965287391+05:30","@version":"1","message":"Running the evict task with compensationTime 0ms","logger_name":"com.netflix.eureka.registry.AbstractInstanceRegistry","thread_name":"Eureka-EvictionTimer","level":"INFO","level_value":20000}
{"@timestamp":"2026-01-14T15:20:55.964643768+05:30","@version":"1","message":"Running the evict task with compensationTime 0ms","logger_name":"com.netflix.eureka.registry.AbstractInstanceRegistry","thread_name":"Eureka-EvictionTimer","level":"INFO","level_value":20000}
{"@timestamp":"2026-01-14T15:21:55.964934039+05:30","@version":"1","message":"Running the evict task with compensationTime 0ms","logger_name":"com.netflix.eureka.registry.AbstractInstanceRegistry","thread_name":"Eureka-EvictionTimer","level":"INFO","level_value":20000}
{"@timestamp":"2026-01-14T15:22:55.964304981+05:30","@version":"1","message":"Running the evict task with compensationTime 0ms","logger_name":"com.netflix.eureka.registry.AbstractInstanceRegistry","thread_name":"Eureka-EvictionTimer","level":"INFO","level_value":20000}
{"@timestamp":"2026-01-14T15:23:55.967674171+05:30","@version":"1","message":"Running the evict task with compensationTime 3ms","logger_name":"com.netflix.eureka.registry.AbstractInstanceRegistry","thread_name":"Eureka-EvictionTimer","level":"INFO","level_value":20000}
{"@timestamp":"2026-01-14T15:24:55.968354499+05:30","@version":"1","message":"Running the evict task with compensationTime 0ms","logger_name":"com.netflix.eureka.registry.AbstractInstanceRegistry","thread_name":"Eureka-EvictionTimer","level":"INFO","level_value":20000}
{"@timestamp":"2026-01-14T15:25:55.969099469+05:30","@version":"1","message":"Running the evict task with compensationTime 0ms","logger_name":"com.netflix.eureka.registry.AbstractInstanceRegistry","thread_name":"Eureka-EvictionTimer","level":"INFO","level_value":20000}
{"@timestamp":"2026-01-14T15:26:55.969615392+05:30","@version":"1","message":"Running the evict task with compensationTime 0ms","logger_name":"com.netflix.eureka.registry.AbstractInstanceRegistry","thread_name":"Eureka-EvictionTimer","level":"INFO","level_value":20000}
{"@timestamp":"2026-01-14T15:27:14.926788603+05:30","@version":"1","message":"Shutting down ...","logger_name":"com.netflix.eureka.DefaultEurekaServerContext","thread_name":"SpringApplicationShutdownHook","level":"INFO","level_value":20000}
{"@timestamp":"2026-01-14T15:27:14.928649369+05:30","@version":"1","message":"Shut down","logger_name":"com.netflix.eureka.DefaultEurekaServerContext","thread_name":"SpringApplicationShutdownHook","level":"INFO","level_value":20000}
{"@timestamp":"2026-01-14T15:27:14.930833807+05:30","@version":"1","message":"Shutting down ...","logger_name":"com.netflix.eureka.DefaultEurekaServerContext","thread_name":"SpringApplicationShutdownHook","level":"INFO","level_value":20000}
{"@timestamp":"2026-01-14T15:27:14.931566525+05:30","@version":"1","message":"Shut down","logger_name":"com.netflix.eureka.DefaultEurekaServerContext","thread_name":"SpringApplicationShutdownHook","level":"INFO","level_value":20000}
{"@timestamp":"2026-01-14T15:27:14.947738252+05:30","@version":"1","message":"Shutting down DiscoveryClient ...","logger_name":"com.netflix.discovery.DiscoveryClient","thread_name":"SpringApplicationShutdownHook","level":"INFO","level_value":20000}
{"@timestamp":"2026-01-14T15:27:14.948597734+05:30","@version":"1","message":"Completed shut down of DiscoveryClient","logger_name":"com.netflix.discovery.DiscoveryClient","thread_name":"SpringApplicationShutdownHook","level":"INFO","level_value":20000}
